#! /c/Source/iverilog-install/bin/vvp
:ivl_version "12.0 (devel)" "(s20150603-1539-g2693dd32b)";
:ivl_delay_selection "TYPICAL";
:vpi_time_precision - 12;
:vpi_module "C:\iverilog\lib\ivl\system.vpi";
:vpi_module "C:\iverilog\lib\ivl\vhdl_sys.vpi";
:vpi_module "C:\iverilog\lib\ivl\vhdl_textio.vpi";
:vpi_module "C:\iverilog\lib\ivl\v2005_math.vpi";
:vpi_module "C:\iverilog\lib\ivl\va_math.vpi";
S_00000241c9a63400 .scope module, "ripple_carry_adder_tb" "ripple_carry_adder_tb" 2 19;
 .timescale -9 -12;
P_00000241c9a5a330 .param/l "NUMBITS" 0 2 20, +C4<00000000000000000000000000001000>;
v00000241c9ab7640_0 .var "A", 7 0;
v00000241c9ab73c0_0 .var "B", 7 0;
o00000241c9a67658 .functor BUFZ 1, C4<z>; HiZ drive
v00000241c9ab8360_0 .net "carryin", 0 0, o00000241c9a67658;  0 drivers
v00000241c9ab87c0_0 .net "carryout", 0 0, v00000241c9ab7820_0;  1 drivers
v00000241c9ab8900_0 .var "clk", 0 0;
v00000241c9ab7dc0_0 .var "expected_result", 7 0;
v00000241c9ab8d60_0 .var/i "failedTests", 31 0;
v00000241c9ab7960_0 .var "reset", 0 0;
v00000241c9ab8860_0 .net "result", 7 0, v00000241c9ab7280_0;  1 drivers
v00000241c9ab8e00_0 .var/i "totalTests", 31 0;
E_00000241c9a599f0 .event posedge, v00000241c9ab8900_0;
E_00000241c9a59570 .event negedge, v00000241c9ab7960_0;
S_00000241c9a64b70 .scope module, "rpa" "ripple_carry_adder" 2 58, 3 21 0, S_00000241c9a63400;
 .timescale -9 -12;
    .port_info 0 /INPUT 8 "A";
    .port_info 1 /INPUT 8 "B";
    .port_info 2 /INPUT 1 "carryin";
    .port_info 3 /OUTPUT 8 "result";
    .port_info 4 /OUTPUT 1 "carryout";
P_00000241c9a59ff0 .param/l "NUMBITS" 0 3 21, +C4<00000000000000000000000000001000>;
v00000241c9ab7780_0 .net "A", 7 0, v00000241c9ab7640_0;  1 drivers
v00000241c9ab82c0_0 .net "B", 7 0, v00000241c9ab73c0_0;  1 drivers
L_00000241c9acf0d8 .functor BUFT 1, C4<0>, C4<0>, C4<0>, C4<0>;
v00000241c9ab7d20_0 .net/2s *"_ivl_60", 0 0, L_00000241c9acf0d8;  1 drivers
v00000241c9ab8720_0 .net "carry_temp", 8 0, L_00000241c9ace510;  1 drivers
v00000241c9ab8a40_0 .net "carryin", 0 0, o00000241c9a67658;  alias, 0 drivers
v00000241c9ab7820_0 .var "carryout", 0 0;
v00000241c9ab7280_0 .var "result", 7 0;
v00000241c9ab8ae0_0 .net "result_temp", 7 0, L_00000241c9acded0;  1 drivers
E_00000241c9a5a0b0 .event anyedge, v00000241c9ab8720_0, v00000241c9ab8ae0_0;
L_00000241c9ab8c20 .part v00000241c9ab7640_0, 0, 1;
L_00000241c9ab84a0 .part v00000241c9ab73c0_0, 0, 1;
L_00000241c9ab89a0 .part L_00000241c9ace510, 0, 1;
L_00000241c9aca810 .part v00000241c9ab7640_0, 1, 1;
L_00000241c9aca270 .part v00000241c9ab73c0_0, 1, 1;
L_00000241c9aca9f0 .part L_00000241c9ace510, 1, 1;
L_00000241c9ac9f50 .part v00000241c9ab7640_0, 2, 1;
L_00000241c9ac9550 .part v00000241c9ab73c0_0, 2, 1;
L_00000241c9ac90f0 .part L_00000241c9ace510, 2, 1;
L_00000241c9aca8b0 .part v00000241c9ab7640_0, 3, 1;
L_00000241c9ac97d0 .part v00000241c9ab73c0_0, 3, 1;
L_00000241c9ac9870 .part L_00000241c9ace510, 3, 1;
L_00000241c9aca4f0 .part v00000241c9ab7640_0, 4, 1;
L_00000241c9aca590 .part v00000241c9ab73c0_0, 4, 1;
L_00000241c9ac9910 .part L_00000241c9ace510, 4, 1;
L_00000241c9acea10 .part v00000241c9ab7640_0, 5, 1;
L_00000241c9ace6f0 .part v00000241c9ab73c0_0, 5, 1;
L_00000241c9acefb0 .part L_00000241c9ace510, 5, 1;
L_00000241c9ace150 .part v00000241c9ab7640_0, 6, 1;
L_00000241c9ace5b0 .part v00000241c9ab73c0_0, 6, 1;
L_00000241c9ace790 .part L_00000241c9ace510, 6, 1;
L_00000241c9ace650 .part v00000241c9ab7640_0, 7, 1;
L_00000241c9acd2f0 .part v00000241c9ab73c0_0, 7, 1;
L_00000241c9acd430 .part L_00000241c9ace510, 7, 1;
LS_00000241c9acded0_0_0 .concat8 [ 1 1 1 1], v00000241c9a504f0_0, v00000241c9a51b70_0, v00000241c9a3ec00_0, v00000241c9ab3300_0;
LS_00000241c9acded0_0_4 .concat8 [ 1 1 1 1], v00000241c9ab48e0_0, v00000241c9ab38a0_0, v00000241c9ab7460_0, v00000241c9ab7140_0;
L_00000241c9acded0 .concat8 [ 4 4 0 0], LS_00000241c9acded0_0_0, LS_00000241c9acded0_0_4;
LS_00000241c9ace510_0_0 .concat8 [ 1 1 1 1], L_00000241c9acf0d8, v00000241c9a517b0_0, v00000241c9a50950_0, v00000241c9a52070_0;
LS_00000241c9ace510_0_4 .concat8 [ 1 1 1 1], v00000241c9ab3a80_0, v00000241c9ab4660_0, v00000241c9ab3bc0_0, v00000241c9ab80e0_0;
LS_00000241c9ace510_0_8 .concat8 [ 1 0 0 0], v00000241c9ab7be0_0;
L_00000241c9ace510 .concat8 [ 4 4 1 0], LS_00000241c9ace510_0_0, LS_00000241c9ace510_0_4, LS_00000241c9ace510_0_8;
S_00000241c9a64d00 .scope generate, "genblk1[0]" "genblk1[0]" 3 39, 3 39 0, S_00000241c9a64b70;
 .timescale -9 -12;
P_00000241c9a5a170 .param/l "i" 0 3 39, +C4<00>;
S_00000241c9a05910 .scope module, "FA1" "full_adder" 3 41, 4 13 0, S_00000241c9a64d00;
 .timescale -9 -12;
    .port_info 0 /INPUT 1 "a";
    .port_info 1 /INPUT 1 "b";
    .port_info 2 /INPUT 1 "c_in";
    .port_info 3 /OUTPUT 1 "s";
    .port_info 4 /OUTPUT 1 "c_out";
v00000241c9a50a90_0 .net "a", 0 0, L_00000241c9ab8c20;  1 drivers
v00000241c9a51530_0 .net "b", 0 0, L_00000241c9ab84a0;  1 drivers
v00000241c9a515d0_0 .net "c_in", 0 0, L_00000241c9ab89a0;  1 drivers
v00000241c9a517b0_0 .var "c_out", 0 0;
v00000241c9a51210_0 .net "c_out_w", 0 0, L_00000241c9ab8400;  1 drivers
v00000241c9a51850_0 .net "level1", 2 0, L_00000241c9ab8220;  1 drivers
v00000241c9a504f0_0 .var "s", 0 0;
E_00000241c9a59730 .event anyedge, v00000241c9a50a90_0, v00000241c9a51530_0, v00000241c9a515d0_0, v00000241c9a51cb0_0;
L_00000241c9ab76e0 .concat [ 1 1 0 0], L_00000241c9ab84a0, L_00000241c9ab8c20;
L_00000241c9ab7f00 .concat [ 1 1 0 0], L_00000241c9ab89a0, L_00000241c9ab8c20;
L_00000241c9ab8f40 .concat [ 1 1 0 0], L_00000241c9ab89a0, L_00000241c9ab84a0;
L_00000241c9ab8220 .concat8 [ 1 1 1 0], L_00000241c9ab7320, L_00000241c9ab7c80, L_00000241c9ab7fa0;
S_00000241c9a05aa0 .scope module, "and1" "slow_and" 4 25, 5 12 0, S_00000241c9a05910;
 .timescale -9 -12;
    .port_info 0 /INPUT 2 "a";
    .port_info 1 /OUTPUT 1 "result";
P_00000241c9a597b0 .param/l "NUMINPUTS" 0 5 12, +C4<00000000000000000000000000000010>;
v00000241c9a52250_0 .net "a", 1 0, L_00000241c9ab76e0;  1 drivers
v00000241c9a51490_0 .net "result", 0 0, L_00000241c9ab7320;  1 drivers
L_00000241c9ab7320 .delay 1 (3000,3000,3000) L_00000241c9ab7320/d;
L_00000241c9ab7320/d .reduce/and L_00000241c9ab76e0;
S_00000241c9a0d9a0 .scope module, "and2" "slow_and" 4 26, 5 12 0, S_00000241c9a05910;
 .timescale -9 -12;
    .port_info 0 /INPUT 2 "a";
    .port_info 1 /OUTPUT 1 "result";
P_00000241c9a590b0 .param/l "NUMINPUTS" 0 5 12, +C4<00000000000000000000000000000010>;
v00000241c9a50db0_0 .net "a", 1 0, L_00000241c9ab7f00;  1 drivers
v00000241c9a522f0_0 .net "result", 0 0, L_00000241c9ab7c80;  1 drivers
L_00000241c9ab7c80 .delay 1 (3000,3000,3000) L_00000241c9ab7c80/d;
L_00000241c9ab7c80/d .reduce/and L_00000241c9ab7f00;
S_00000241c9a0db30 .scope module, "and3" "slow_and" 4 27, 5 12 0, S_00000241c9a05910;
 .timescale -9 -12;
    .port_info 0 /INPUT 2 "a";
    .port_info 1 /OUTPUT 1 "result";
P_00000241c9a585b0 .param/l "NUMINPUTS" 0 5 12, +C4<00000000000000000000000000000010>;
v00000241c9a51670_0 .net "a", 1 0, L_00000241c9ab8f40;  1 drivers
v00000241c9a51710_0 .net "result", 0 0, L_00000241c9ab7fa0;  1 drivers
L_00000241c9ab7fa0 .delay 1 (3000,3000,3000) L_00000241c9ab7fa0/d;
L_00000241c9ab7fa0/d .reduce/and L_00000241c9ab8f40;
S_00000241c9a09380 .scope module, "or1" "slow_or" 4 29, 6 12 0, S_00000241c9a05910;
 .timescale -9 -12;
    .port_info 0 /INPUT 3 "a";
    .port_info 1 /OUTPUT 1 "result";
P_00000241c9a585f0 .param/l "NUMINPUTS" 0 6 12, +C4<00000000000000000000000000000011>;
v00000241c9a51d50_0 .net "a", 2 0, L_00000241c9ab8220;  alias, 1 drivers
v00000241c9a51cb0_0 .net "result", 0 0, L_00000241c9ab8400;  alias, 1 drivers
L_00000241c9ab8400 .delay 1 (2000,2000,2000) L_00000241c9ab8400/d;
L_00000241c9ab8400/d .reduce/or L_00000241c9ab8220;
S_00000241c9a09510 .scope generate, "genblk1[1]" "genblk1[1]" 3 39, 3 39 0, S_00000241c9a64b70;
 .timescale -9 -12;
P_00000241c9a58670 .param/l "i" 0 3 39, +C4<01>;
S_00000241c9a06060 .scope module, "FA1" "full_adder" 3 41, 4 13 0, S_00000241c9a09510;
 .timescale -9 -12;
    .port_info 0 /INPUT 1 "a";
    .port_info 1 /INPUT 1 "b";
    .port_info 2 /INPUT 1 "c_in";
    .port_info 3 /OUTPUT 1 "s";
    .port_info 4 /OUTPUT 1 "c_out";
v00000241c9a50810_0 .net "a", 0 0, L_00000241c9aca810;  1 drivers
v00000241c9a508b0_0 .net "b", 0 0, L_00000241c9aca270;  1 drivers
v00000241c9a50c70_0 .net "c_in", 0 0, L_00000241c9aca9f0;  1 drivers
v00000241c9a50950_0 .var "c_out", 0 0;
v00000241c9a509f0_0 .net "c_out_w", 0 0, L_00000241c9ac94b0;  1 drivers
v00000241c9a512b0_0 .net "level1", 2 0, L_00000241c9ac95f0;  1 drivers
v00000241c9a51b70_0 .var "s", 0 0;
E_00000241c9a586b0 .event anyedge, v00000241c9a50810_0, v00000241c9a508b0_0, v00000241c9a50c70_0, v00000241c9a51030_0;
L_00000241c9ab85e0 .concat [ 1 1 0 0], L_00000241c9aca270, L_00000241c9aca810;
L_00000241c9ac9410 .concat [ 1 1 0 0], L_00000241c9aca9f0, L_00000241c9aca810;
L_00000241c9aca450 .concat [ 1 1 0 0], L_00000241c9aca9f0, L_00000241c9aca270;
L_00000241c9ac95f0 .concat8 [ 1 1 1 0], L_00000241c9ab8540, L_00000241c9acab30, L_00000241c9ac9af0;
S_00000241c9a061f0 .scope module, "and1" "slow_and" 4 25, 5 12 0, S_00000241c9a06060;
 .timescale -9 -12;
    .port_info 0 /INPUT 2 "a";
    .port_info 1 /OUTPUT 1 "result";
P_00000241c9a45500 .param/l "NUMINPUTS" 0 5 12, +C4<00000000000000000000000000000010>;
v00000241c9a518f0_0 .net "a", 1 0, L_00000241c9ab85e0;  1 drivers
v00000241c9a51e90_0 .net "result", 0 0, L_00000241c9ab8540;  1 drivers
L_00000241c9ab8540 .delay 1 (3000,3000,3000) L_00000241c9ab8540/d;
L_00000241c9ab8540/d .reduce/and L_00000241c9ab85e0;
S_00000241c99b60d0 .scope module, "and2" "slow_and" 4 26, 5 12 0, S_00000241c9a06060;
 .timescale -9 -12;
    .port_info 0 /INPUT 2 "a";
    .port_info 1 /OUTPUT 1 "result";
P_00000241c9a45080 .param/l "NUMINPUTS" 0 5 12, +C4<00000000000000000000000000000010>;
v00000241c9a51fd0_0 .net "a", 1 0, L_00000241c9ac9410;  1 drivers
v00000241c9a510d0_0 .net "result", 0 0, L_00000241c9acab30;  1 drivers
L_00000241c9acab30 .delay 1 (3000,3000,3000) L_00000241c9acab30/d;
L_00000241c9acab30/d .reduce/and L_00000241c9ac9410;
S_00000241c99b6260 .scope module, "and3" "slow_and" 4 27, 5 12 0, S_00000241c9a06060;
 .timescale -9 -12;
    .port_info 0 /INPUT 2 "a";
    .port_info 1 /OUTPUT 1 "result";
P_00000241c9a44b00 .param/l "NUMINPUTS" 0 5 12, +C4<00000000000000000000000000000010>;
v00000241c9a506d0_0 .net "a", 1 0, L_00000241c9aca450;  1 drivers
v00000241c9a50770_0 .net "result", 0 0, L_00000241c9ac9af0;  1 drivers
L_00000241c9ac9af0 .delay 1 (3000,3000,3000) L_00000241c9ac9af0/d;
L_00000241c9ac9af0/d .reduce/and L_00000241c9aca450;
S_00000241c99b63f0 .scope module, "or1" "slow_or" 4 29, 6 12 0, S_00000241c9a06060;
 .timescale -9 -12;
    .port_info 0 /INPUT 3 "a";
    .port_info 1 /OUTPUT 1 "result";
P_00000241c9a45340 .param/l "NUMINPUTS" 0 6 12, +C4<00000000000000000000000000000011>;
v00000241c9a52110_0 .net "a", 2 0, L_00000241c9ac95f0;  alias, 1 drivers
v00000241c9a51030_0 .net "result", 0 0, L_00000241c9ac94b0;  alias, 1 drivers
L_00000241c9ac94b0 .delay 1 (2000,2000,2000) L_00000241c9ac94b0/d;
L_00000241c9ac94b0/d .reduce/or L_00000241c9ac95f0;
S_00000241c9a60f00 .scope generate, "genblk1[2]" "genblk1[2]" 3 39, 3 39 0, S_00000241c9a64b70;
 .timescale -9 -12;
P_00000241c9a44940 .param/l "i" 0 3 39, +C4<010>;
S_00000241c9a61090 .scope module, "FA1" "full_adder" 3 41, 4 13 0, S_00000241c9a60f00;
 .timescale -9 -12;
    .port_info 0 /INPUT 1 "a";
    .port_info 1 /INPUT 1 "b";
    .port_info 2 /INPUT 1 "c_in";
    .port_info 3 /OUTPUT 1 "s";
    .port_info 4 /OUTPUT 1 "c_out";
v00000241c9a51990_0 .net "a", 0 0, L_00000241c9ac9f50;  1 drivers
v00000241c9a51a30_0 .net "b", 0 0, L_00000241c9ac9550;  1 drivers
v00000241c9a521b0_0 .net "c_in", 0 0, L_00000241c9ac90f0;  1 drivers
v00000241c9a52070_0 .var "c_out", 0 0;
v00000241c9a3e480_0 .net "c_out_w", 0 0, L_00000241c9aca130;  1 drivers
v00000241c9a3e8e0_0 .net "level1", 2 0, L_00000241c9acabd0;  1 drivers
v00000241c9a3ec00_0 .var "s", 0 0;
E_00000241c9a45540 .event anyedge, v00000241c9a51990_0, v00000241c9a51a30_0, v00000241c9a521b0_0, v00000241c9a51df0_0;
L_00000241c9ac9ff0 .concat [ 1 1 0 0], L_00000241c9ac9550, L_00000241c9ac9f50;
L_00000241c9ac9e10 .concat [ 1 1 0 0], L_00000241c9ac90f0, L_00000241c9ac9f50;
L_00000241c9aca090 .concat [ 1 1 0 0], L_00000241c9ac90f0, L_00000241c9ac9550;
L_00000241c9acabd0 .concat8 [ 1 1 1 0], L_00000241c9ac9b90, L_00000241c9acaa90, L_00000241c9ac9eb0;
S_00000241c9ac8270 .scope module, "and1" "slow_and" 4 25, 5 12 0, S_00000241c9a61090;
 .timescale -9 -12;
    .port_info 0 /INPUT 2 "a";
    .port_info 1 /OUTPUT 1 "result";
P_00000241c9a44e80 .param/l "NUMINPUTS" 0 5 12, +C4<00000000000000000000000000000010>;
v00000241c9a51c10_0 .net "a", 1 0, L_00000241c9ac9ff0;  1 drivers
v00000241c9a50b30_0 .net "result", 0 0, L_00000241c9ac9b90;  1 drivers
L_00000241c9ac9b90 .delay 1 (3000,3000,3000) L_00000241c9ac9b90/d;
L_00000241c9ac9b90/d .reduce/and L_00000241c9ac9ff0;
S_00000241c9ac8400 .scope module, "and2" "slow_and" 4 26, 5 12 0, S_00000241c9a61090;
 .timescale -9 -12;
    .port_info 0 /INPUT 2 "a";
    .port_info 1 /OUTPUT 1 "result";
P_00000241c9a44e00 .param/l "NUMINPUTS" 0 5 12, +C4<00000000000000000000000000000010>;
v00000241c9a50bd0_0 .net "a", 1 0, L_00000241c9ac9e10;  1 drivers
v00000241c9a50ef0_0 .net "result", 0 0, L_00000241c9acaa90;  1 drivers
L_00000241c9acaa90 .delay 1 (3000,3000,3000) L_00000241c9acaa90/d;
L_00000241c9acaa90/d .reduce/and L_00000241c9ac9e10;
S_00000241c9ac8590 .scope module, "and3" "slow_and" 4 27, 5 12 0, S_00000241c9a61090;
 .timescale -9 -12;
    .port_info 0 /INPUT 2 "a";
    .port_info 1 /OUTPUT 1 "result";
P_00000241c9a44ec0 .param/l "NUMINPUTS" 0 5 12, +C4<00000000000000000000000000000010>;
v00000241c9a50d10_0 .net "a", 1 0, L_00000241c9aca090;  1 drivers
v00000241c9a50e50_0 .net "result", 0 0, L_00000241c9ac9eb0;  1 drivers
L_00000241c9ac9eb0 .delay 1 (3000,3000,3000) L_00000241c9ac9eb0/d;
L_00000241c9ac9eb0/d .reduce/and L_00000241c9aca090;
S_00000241c9ac8bd0 .scope module, "or1" "slow_or" 4 29, 6 12 0, S_00000241c9a61090;
 .timescale -9 -12;
    .port_info 0 /INPUT 3 "a";
    .port_info 1 /OUTPUT 1 "result";
P_00000241c9a453c0 .param/l "NUMINPUTS" 0 6 12, +C4<00000000000000000000000000000011>;
v00000241c9a51350_0 .net "a", 2 0, L_00000241c9acabd0;  alias, 1 drivers
v00000241c9a51df0_0 .net "result", 0 0, L_00000241c9aca130;  alias, 1 drivers
L_00000241c9aca130 .delay 1 (2000,2000,2000) L_00000241c9aca130/d;
L_00000241c9aca130/d .reduce/or L_00000241c9acabd0;
S_00000241c9ac8d60 .scope generate, "genblk1[3]" "genblk1[3]" 3 39, 3 39 0, S_00000241c9a64b70;
 .timescale -9 -12;
P_00000241c9a44f40 .param/l "i" 0 3 39, +C4<011>;
S_00000241c9ac8720 .scope module, "FA1" "full_adder" 3 41, 4 13 0, S_00000241c9ac8d60;
 .timescale -9 -12;
    .port_info 0 /INPUT 1 "a";
    .port_info 1 /INPUT 1 "b";
    .port_info 2 /INPUT 1 "c_in";
    .port_info 3 /OUTPUT 1 "s";
    .port_info 4 /OUTPUT 1 "c_out";
v00000241c9ab47a0_0 .net "a", 0 0, L_00000241c9aca8b0;  1 drivers
v00000241c9ab3c60_0 .net "b", 0 0, L_00000241c9ac97d0;  1 drivers
v00000241c9ab42a0_0 .net "c_in", 0 0, L_00000241c9ac9870;  1 drivers
v00000241c9ab3a80_0 .var "c_out", 0 0;
v00000241c9ab3620_0 .net "c_out_w", 0 0, L_00000241c9ac9cd0;  1 drivers
v00000241c9ab4340_0 .net "level1", 2 0, L_00000241c9ac9190;  1 drivers
v00000241c9ab3300_0 .var "s", 0 0;
E_00000241c9a449c0 .event anyedge, v00000241c9ab47a0_0, v00000241c9ab3c60_0, v00000241c9ab42a0_0, v00000241c9ab4480_0;
L_00000241c9acaef0 .concat [ 1 1 0 0], L_00000241c9ac97d0, L_00000241c9aca8b0;
L_00000241c9acac70 .concat [ 1 1 0 0], L_00000241c9ac9870, L_00000241c9aca8b0;
L_00000241c9acaf90 .concat [ 1 1 0 0], L_00000241c9ac9870, L_00000241c9ac97d0;
L_00000241c9ac9190 .concat8 [ 1 1 1 0], L_00000241c9ac9c30, L_00000241c9aca6d0, L_00000241c9aca1d0;
S_00000241c9ac88b0 .scope module, "and1" "slow_and" 4 25, 5 12 0, S_00000241c9ac8720;
 .timescale -9 -12;
    .port_info 0 /INPUT 2 "a";
    .port_info 1 /OUTPUT 1 "result";
P_00000241c9a44b80 .param/l "NUMINPUTS" 0 5 12, +C4<00000000000000000000000000000010>;
v00000241c9a3e980_0 .net "a", 1 0, L_00000241c9acaef0;  1 drivers
v00000241c9a3eca0_0 .net "result", 0 0, L_00000241c9ac9c30;  1 drivers
L_00000241c9ac9c30 .delay 1 (3000,3000,3000) L_00000241c9ac9c30/d;
L_00000241c9ac9c30/d .reduce/and L_00000241c9acaef0;
S_00000241c9ac8a40 .scope module, "and2" "slow_and" 4 26, 5 12 0, S_00000241c9ac8720;
 .timescale -9 -12;
    .port_info 0 /INPUT 2 "a";
    .port_info 1 /OUTPUT 1 "result";
P_00000241c9a455c0 .param/l "NUMINPUTS" 0 5 12, +C4<00000000000000000000000000000010>;
v00000241c9a3e160_0 .net "a", 1 0, L_00000241c9acac70;  1 drivers
v00000241c9a3eb60_0 .net "result", 0 0, L_00000241c9aca6d0;  1 drivers
L_00000241c9aca6d0 .delay 1 (3000,3000,3000) L_00000241c9aca6d0/d;
L_00000241c9aca6d0/d .reduce/and L_00000241c9acac70;
S_00000241c9ac8ef0 .scope module, "and3" "slow_and" 4 27, 5 12 0, S_00000241c9ac8720;
 .timescale -9 -12;
    .port_info 0 /INPUT 2 "a";
    .port_info 1 /OUTPUT 1 "result";
P_00000241c9a45740 .param/l "NUMINPUTS" 0 5 12, +C4<00000000000000000000000000000010>;
v00000241c9a3e200_0 .net "a", 1 0, L_00000241c9acaf90;  1 drivers
v00000241c9a3e2a0_0 .net "result", 0 0, L_00000241c9aca1d0;  1 drivers
L_00000241c9aca1d0 .delay 1 (3000,3000,3000) L_00000241c9aca1d0/d;
L_00000241c9aca1d0/d .reduce/and L_00000241c9acaf90;
S_00000241c9ac80e0 .scope module, "or1" "slow_or" 4 29, 6 12 0, S_00000241c9ac8720;
 .timescale -9 -12;
    .port_info 0 /INPUT 3 "a";
    .port_info 1 /OUTPUT 1 "result";
P_00000241c9a45800 .param/l "NUMINPUTS" 0 6 12, +C4<00000000000000000000000000000011>;
v00000241c9ab4160_0 .net "a", 2 0, L_00000241c9ac9190;  alias, 1 drivers
v00000241c9ab4480_0 .net "result", 0 0, L_00000241c9ac9cd0;  alias, 1 drivers
L_00000241c9ac9cd0 .delay 1 (2000,2000,2000) L_00000241c9ac9cd0/d;
L_00000241c9ac9cd0/d .reduce/or L_00000241c9ac9190;
S_00000241c9ab5540 .scope generate, "genblk1[4]" "genblk1[4]" 3 39, 3 39 0, S_00000241c9a64b70;
 .timescale -9 -12;
P_00000241c9a45200 .param/l "i" 0 3 39, +C4<0100>;
S_00000241c9ab64e0 .scope module, "FA1" "full_adder" 3 41, 4 13 0, S_00000241c9ab5540;
 .timescale -9 -12;
    .port_info 0 /INPUT 1 "a";
    .port_info 1 /INPUT 1 "b";
    .port_info 2 /INPUT 1 "c_in";
    .port_info 3 /OUTPUT 1 "s";
    .port_info 4 /OUTPUT 1 "c_out";
v00000241c9ab34e0_0 .net "a", 0 0, L_00000241c9aca4f0;  1 drivers
v00000241c9ab4e80_0 .net "b", 0 0, L_00000241c9aca590;  1 drivers
v00000241c9ab36c0_0 .net "c_in", 0 0, L_00000241c9ac9910;  1 drivers
v00000241c9ab4660_0 .var "c_out", 0 0;
v00000241c9ab40c0_0 .net "c_out_w", 0 0, L_00000241c9aca770;  1 drivers
v00000241c9ab3760_0 .net "level1", 2 0, L_00000241c9acadb0;  1 drivers
v00000241c9ab48e0_0 .var "s", 0 0;
E_00000241c9a45600 .event anyedge, v00000241c9ab34e0_0, v00000241c9ab4e80_0, v00000241c9ab36c0_0, v00000241c9ab3080_0;
L_00000241c9ac9230 .concat [ 1 1 0 0], L_00000241c9aca590, L_00000241c9aca4f0;
L_00000241c9ac9d70 .concat [ 1 1 0 0], L_00000241c9ac9910, L_00000241c9aca4f0;
L_00000241c9ac9730 .concat [ 1 1 0 0], L_00000241c9ac9910, L_00000241c9aca590;
L_00000241c9acadb0 .concat8 [ 1 1 1 0], L_00000241c9aca310, L_00000241c9aca3b0, L_00000241c9acad10;
S_00000241c9ab6670 .scope module, "and1" "slow_and" 4 25, 5 12 0, S_00000241c9ab64e0;
 .timescale -9 -12;
    .port_info 0 /INPUT 2 "a";
    .port_info 1 /OUTPUT 1 "result";
P_00000241c9a45680 .param/l "NUMINPUTS" 0 5 12, +C4<00000000000000000000000000000010>;
v00000241c9ab4d40_0 .net "a", 1 0, L_00000241c9ac9230;  1 drivers
v00000241c9ab3440_0 .net "result", 0 0, L_00000241c9aca310;  1 drivers
L_00000241c9aca310 .delay 1 (3000,3000,3000) L_00000241c9aca310/d;
L_00000241c9aca310/d .reduce/and L_00000241c9ac9230;
S_00000241c9ab6800 .scope module, "and2" "slow_and" 4 26, 5 12 0, S_00000241c9ab64e0;
 .timescale -9 -12;
    .port_info 0 /INPUT 2 "a";
    .port_info 1 /OUTPUT 1 "result";
P_00000241c9a44c00 .param/l "NUMINPUTS" 0 5 12, +C4<00000000000000000000000000000010>;
v00000241c9ab3b20_0 .net "a", 1 0, L_00000241c9ac9d70;  1 drivers
v00000241c9ab3940_0 .net "result", 0 0, L_00000241c9aca3b0;  1 drivers
L_00000241c9aca3b0 .delay 1 (3000,3000,3000) L_00000241c9aca3b0/d;
L_00000241c9aca3b0/d .reduce/and L_00000241c9ac9d70;
S_00000241c9ab6990 .scope module, "and3" "slow_and" 4 27, 5 12 0, S_00000241c9ab64e0;
 .timescale -9 -12;
    .port_info 0 /INPUT 2 "a";
    .port_info 1 /OUTPUT 1 "result";
P_00000241c9a44d00 .param/l "NUMINPUTS" 0 5 12, +C4<00000000000000000000000000000010>;
v00000241c9ab39e0_0 .net "a", 1 0, L_00000241c9ac9730;  1 drivers
v00000241c9ab4de0_0 .net "result", 0 0, L_00000241c9acad10;  1 drivers
L_00000241c9acad10 .delay 1 (3000,3000,3000) L_00000241c9acad10/d;
L_00000241c9acad10/d .reduce/and L_00000241c9ac9730;
S_00000241c9ab6030 .scope module, "or1" "slow_or" 4 29, 6 12 0, S_00000241c9ab64e0;
 .timescale -9 -12;
    .port_info 0 /INPUT 3 "a";
    .port_info 1 /OUTPUT 1 "result";
P_00000241c9a457c0 .param/l "NUMINPUTS" 0 6 12, +C4<00000000000000000000000000000011>;
v00000241c9ab4840_0 .net "a", 2 0, L_00000241c9acadb0;  alias, 1 drivers
v00000241c9ab3080_0 .net "result", 0 0, L_00000241c9aca770;  alias, 1 drivers
L_00000241c9aca770 .delay 1 (2000,2000,2000) L_00000241c9aca770/d;
L_00000241c9aca770/d .reduce/or L_00000241c9acadb0;
S_00000241c9ab56d0 .scope generate, "genblk1[5]" "genblk1[5]" 3 39, 3 39 0, S_00000241c9a64b70;
 .timescale -9 -12;
P_00000241c9a44cc0 .param/l "i" 0 3 39, +C4<0101>;
S_00000241c9ab6b20 .scope module, "FA1" "full_adder" 3 41, 4 13 0, S_00000241c9ab56d0;
 .timescale -9 -12;
    .port_info 0 /INPUT 1 "a";
    .port_info 1 /INPUT 1 "b";
    .port_info 2 /INPUT 1 "c_in";
    .port_info 3 /OUTPUT 1 "s";
    .port_info 4 /OUTPUT 1 "c_out";
v00000241c9ab31c0_0 .net "a", 0 0, L_00000241c9acea10;  1 drivers
v00000241c9ab4700_0 .net "b", 0 0, L_00000241c9ace6f0;  1 drivers
v00000241c9ab4200_0 .net "c_in", 0 0, L_00000241c9acefb0;  1 drivers
v00000241c9ab3bc0_0 .var "c_out", 0 0;
v00000241c9ab4b60_0 .net "c_out_w", 0 0, L_00000241c9aca630;  1 drivers
v00000241c9ab4c00_0 .net "level1", 2 0, L_00000241c9ac9a50;  1 drivers
v00000241c9ab38a0_0 .var "s", 0 0;
E_00000241c9a45000 .event anyedge, v00000241c9ab31c0_0, v00000241c9ab4700_0, v00000241c9ab4200_0, v00000241c9ab45c0_0;
L_00000241c9aca950 .concat [ 1 1 0 0], L_00000241c9ace6f0, L_00000241c9acea10;
L_00000241c9ac9370 .concat [ 1 1 0 0], L_00000241c9acefb0, L_00000241c9acea10;
L_00000241c9ac99b0 .concat [ 1 1 0 0], L_00000241c9acefb0, L_00000241c9ace6f0;
L_00000241c9ac9a50 .concat8 [ 1 1 1 0], L_00000241c9acae50, L_00000241c9ac92d0, L_00000241c9ac9690;
S_00000241c9ab6cb0 .scope module, "and1" "slow_and" 4 25, 5 12 0, S_00000241c9ab6b20;
 .timescale -9 -12;
    .port_info 0 /INPUT 2 "a";
    .port_info 1 /OUTPUT 1 "result";
P_00000241c9a450c0 .param/l "NUMINPUTS" 0 5 12, +C4<00000000000000000000000000000010>;
v00000241c9ab4980_0 .net "a", 1 0, L_00000241c9aca950;  1 drivers
v00000241c9ab4a20_0 .net "result", 0 0, L_00000241c9acae50;  1 drivers
L_00000241c9acae50 .delay 1 (3000,3000,3000) L_00000241c9acae50/d;
L_00000241c9acae50/d .reduce/and L_00000241c9aca950;
S_00000241c9ab6e40 .scope module, "and2" "slow_and" 4 26, 5 12 0, S_00000241c9ab6b20;
 .timescale -9 -12;
    .port_info 0 /INPUT 2 "a";
    .port_info 1 /OUTPUT 1 "result";
P_00000241c9a44880 .param/l "NUMINPUTS" 0 5 12, +C4<00000000000000000000000000000010>;
v00000241c9ab4ac0_0 .net "a", 1 0, L_00000241c9ac9370;  1 drivers
v00000241c9ab3800_0 .net "result", 0 0, L_00000241c9ac92d0;  1 drivers
L_00000241c9ac92d0 .delay 1 (3000,3000,3000) L_00000241c9ac92d0/d;
L_00000241c9ac92d0/d .reduce/and L_00000241c9ac9370;
S_00000241c9ab5d10 .scope module, "and3" "slow_and" 4 27, 5 12 0, S_00000241c9ab6b20;
 .timescale -9 -12;
    .port_info 0 /INPUT 2 "a";
    .port_info 1 /OUTPUT 1 "result";
P_00000241c9a46400 .param/l "NUMINPUTS" 0 5 12, +C4<00000000000000000000000000000010>;
v00000241c9ab3580_0 .net "a", 1 0, L_00000241c9ac99b0;  1 drivers
v00000241c9ab43e0_0 .net "result", 0 0, L_00000241c9ac9690;  1 drivers
L_00000241c9ac9690 .delay 1 (3000,3000,3000) L_00000241c9ac9690/d;
L_00000241c9ac9690/d .reduce/and L_00000241c9ac99b0;
S_00000241c9ab59f0 .scope module, "or1" "slow_or" 4 29, 6 12 0, S_00000241c9ab6b20;
 .timescale -9 -12;
    .port_info 0 /INPUT 3 "a";
    .port_info 1 /OUTPUT 1 "result";
P_00000241c9a45d80 .param/l "NUMINPUTS" 0 6 12, +C4<00000000000000000000000000000011>;
v00000241c9ab4520_0 .net "a", 2 0, L_00000241c9ac9a50;  alias, 1 drivers
v00000241c9ab45c0_0 .net "result", 0 0, L_00000241c9aca630;  alias, 1 drivers
L_00000241c9aca630 .delay 1 (2000,2000,2000) L_00000241c9aca630/d;
L_00000241c9aca630/d .reduce/or L_00000241c9ac9a50;
S_00000241c9ab5b80 .scope generate, "genblk1[6]" "genblk1[6]" 3 39, 3 39 0, S_00000241c9a64b70;
 .timescale -9 -12;
P_00000241c9a45f80 .param/l "i" 0 3 39, +C4<0110>;
S_00000241c9ab5860 .scope module, "FA1" "full_adder" 3 41, 4 13 0, S_00000241c9ab5b80;
 .timescale -9 -12;
    .port_info 0 /INPUT 1 "a";
    .port_info 1 /INPUT 1 "b";
    .port_info 2 /INPUT 1 "c_in";
    .port_info 3 /OUTPUT 1 "s";
    .port_info 4 /OUTPUT 1 "c_out";
v00000241c9ab3ee0_0 .net "a", 0 0, L_00000241c9ace150;  1 drivers
v00000241c9ab3f80_0 .net "b", 0 0, L_00000241c9ace5b0;  1 drivers
v00000241c9ab4020_0 .net "c_in", 0 0, L_00000241c9ace790;  1 drivers
v00000241c9ab80e0_0 .var "c_out", 0 0;
v00000241c9ab70a0_0 .net "c_out_w", 0 0, L_00000241c9acdcf0;  1 drivers
v00000241c9ab8b80_0 .net "level1", 2 0, L_00000241c9acd390;  1 drivers
v00000241c9ab7460_0 .var "s", 0 0;
E_00000241c9a46480 .event anyedge, v00000241c9ab3ee0_0, v00000241c9ab3f80_0, v00000241c9ab4020_0, v00000241c9ab3e40_0;
L_00000241c9acde30 .concat [ 1 1 0 0], L_00000241c9ace5b0, L_00000241c9ace150;
L_00000241c9ace0b0 .concat [ 1 1 0 0], L_00000241c9ace790, L_00000241c9ace150;
L_00000241c9ace470 .concat [ 1 1 0 0], L_00000241c9ace790, L_00000241c9ace5b0;
L_00000241c9acd390 .concat8 [ 1 1 1 0], L_00000241c9ace8d0, L_00000241c9aceab0, L_00000241c9acdb10;
S_00000241c9ab5090 .scope module, "and1" "slow_and" 4 25, 5 12 0, S_00000241c9ab5860;
 .timescale -9 -12;
    .port_info 0 /INPUT 2 "a";
    .port_info 1 /OUTPUT 1 "result";
P_00000241c9a46040 .param/l "NUMINPUTS" 0 5 12, +C4<00000000000000000000000000000010>;
v00000241c9ab4ca0_0 .net "a", 1 0, L_00000241c9acde30;  1 drivers
v00000241c9ab4f20_0 .net "result", 0 0, L_00000241c9ace8d0;  1 drivers
L_00000241c9ace8d0 .delay 1 (3000,3000,3000) L_00000241c9ace8d0/d;
L_00000241c9ace8d0/d .reduce/and L_00000241c9acde30;
S_00000241c9ab5220 .scope module, "and2" "slow_and" 4 26, 5 12 0, S_00000241c9ab5860;
 .timescale -9 -12;
    .port_info 0 /INPUT 2 "a";
    .port_info 1 /OUTPUT 1 "result";
P_00000241c9a464c0 .param/l "NUMINPUTS" 0 5 12, +C4<00000000000000000000000000000010>;
v00000241c9ab3120_0 .net "a", 1 0, L_00000241c9ace0b0;  1 drivers
v00000241c9ab3d00_0 .net "result", 0 0, L_00000241c9aceab0;  1 drivers
L_00000241c9aceab0 .delay 1 (3000,3000,3000) L_00000241c9aceab0/d;
L_00000241c9aceab0/d .reduce/and L_00000241c9ace0b0;
S_00000241c9ab61c0 .scope module, "and3" "slow_and" 4 27, 5 12 0, S_00000241c9ab5860;
 .timescale -9 -12;
    .port_info 0 /INPUT 2 "a";
    .port_info 1 /OUTPUT 1 "result";
P_00000241c9a45e40 .param/l "NUMINPUTS" 0 5 12, +C4<00000000000000000000000000000010>;
v00000241c9ab3260_0 .net "a", 1 0, L_00000241c9ace470;  1 drivers
v00000241c9ab33a0_0 .net "result", 0 0, L_00000241c9acdb10;  1 drivers
L_00000241c9acdb10 .delay 1 (3000,3000,3000) L_00000241c9acdb10/d;
L_00000241c9acdb10/d .reduce/and L_00000241c9ace470;
S_00000241c9ab5ea0 .scope module, "or1" "slow_or" 4 29, 6 12 0, S_00000241c9ab5860;
 .timescale -9 -12;
    .port_info 0 /INPUT 3 "a";
    .port_info 1 /OUTPUT 1 "result";
P_00000241c9a45d40 .param/l "NUMINPUTS" 0 6 12, +C4<00000000000000000000000000000011>;
v00000241c9ab3da0_0 .net "a", 2 0, L_00000241c9acd390;  alias, 1 drivers
v00000241c9ab3e40_0 .net "result", 0 0, L_00000241c9acdcf0;  alias, 1 drivers
L_00000241c9acdcf0 .delay 1 (2000,2000,2000) L_00000241c9acdcf0/d;
L_00000241c9acdcf0/d .reduce/or L_00000241c9acd390;
S_00000241c9ab6350 .scope generate, "genblk1[7]" "genblk1[7]" 3 39, 3 39 0, S_00000241c9a64b70;
 .timescale -9 -12;
P_00000241c9a46100 .param/l "i" 0 3 39, +C4<0111>;
S_00000241c9ab53b0 .scope module, "FA1" "full_adder" 3 41, 4 13 0, S_00000241c9ab6350;
 .timescale -9 -12;
    .port_info 0 /INPUT 1 "a";
    .port_info 1 /INPUT 1 "b";
    .port_info 2 /INPUT 1 "c_in";
    .port_info 3 /OUTPUT 1 "s";
    .port_info 4 /OUTPUT 1 "c_out";
v00000241c9ab8680_0 .net "a", 0 0, L_00000241c9ace650;  1 drivers
v00000241c9ab7500_0 .net "b", 0 0, L_00000241c9acd2f0;  1 drivers
v00000241c9ab7b40_0 .net "c_in", 0 0, L_00000241c9acd430;  1 drivers
v00000241c9ab7be0_0 .var "c_out", 0 0;
v00000241c9ab7aa0_0 .net "c_out_w", 0 0, L_00000241c9acd4d0;  1 drivers
v00000241c9ab8180_0 .net "level1", 2 0, L_00000241c9acd610;  1 drivers
v00000241c9ab7140_0 .var "s", 0 0;
E_00000241c9a45a80 .event anyedge, v00000241c9ab8680_0, v00000241c9ab7500_0, v00000241c9ab7b40_0, v00000241c9ab8ea0_0;
L_00000241c9acdbb0 .concat [ 1 1 0 0], L_00000241c9acd2f0, L_00000241c9ace650;
L_00000241c9acef10 .concat [ 1 1 0 0], L_00000241c9acd430, L_00000241c9ace650;
L_00000241c9acdd90 .concat [ 1 1 0 0], L_00000241c9acd430, L_00000241c9acd2f0;
L_00000241c9acd610 .concat8 [ 1 1 1 0], L_00000241c9ace970, L_00000241c9acd110, L_00000241c9acdc50;
S_00000241c9ababb0 .scope module, "and1" "slow_and" 4 25, 5 12 0, S_00000241c9ab53b0;
 .timescale -9 -12;
    .port_info 0 /INPUT 2 "a";
    .port_info 1 /OUTPUT 1 "result";
P_00000241c9a466c0 .param/l "NUMINPUTS" 0 5 12, +C4<00000000000000000000000000000010>;
v00000241c9ab8040_0 .net "a", 1 0, L_00000241c9acdbb0;  1 drivers
v00000241c9ab75a0_0 .net "result", 0 0, L_00000241c9ace970;  1 drivers
L_00000241c9ace970 .delay 1 (3000,3000,3000) L_00000241c9ace970/d;
L_00000241c9ace970/d .reduce/and L_00000241c9acdbb0;
S_00000241c9abaa20 .scope module, "and2" "slow_and" 4 26, 5 12 0, S_00000241c9ab53b0;
 .timescale -9 -12;
    .port_info 0 /INPUT 2 "a";
    .port_info 1 /OUTPUT 1 "result";
P_00000241c9a46200 .param/l "NUMINPUTS" 0 5 12, +C4<00000000000000000000000000000010>;
v00000241c9ab7e60_0 .net "a", 1 0, L_00000241c9acef10;  1 drivers
v00000241c9ab7a00_0 .net "result", 0 0, L_00000241c9acd110;  1 drivers
L_00000241c9acd110 .delay 1 (3000,3000,3000) L_00000241c9acd110/d;
L_00000241c9acd110/d .reduce/and L_00000241c9acef10;
S_00000241c9aba890 .scope module, "and3" "slow_and" 4 27, 5 12 0, S_00000241c9ab53b0;
 .timescale -9 -12;
    .port_info 0 /INPUT 2 "a";
    .port_info 1 /OUTPUT 1 "result";
P_00000241c9a46500 .param/l "NUMINPUTS" 0 5 12, +C4<00000000000000000000000000000010>;
v00000241c9ab71e0_0 .net "a", 1 0, L_00000241c9acdd90;  1 drivers
v00000241c9ab8cc0_0 .net "result", 0 0, L_00000241c9acdc50;  1 drivers
L_00000241c9acdc50 .delay 1 (3000,3000,3000) L_00000241c9acdc50/d;
L_00000241c9acdc50/d .reduce/and L_00000241c9acdd90;
S_00000241c9aba3e0 .scope module, "or1" "slow_or" 4 29, 6 12 0, S_00000241c9ab53b0;
 .timescale -9 -12;
    .port_info 0 /INPUT 3 "a";
    .port_info 1 /OUTPUT 1 "result";
P_00000241c9a45ac0 .param/l "NUMINPUTS" 0 6 12, +C4<00000000000000000000000000000011>;
v00000241c9ab78c0_0 .net "a", 2 0, L_00000241c9acd610;  alias, 1 drivers
v00000241c9ab8ea0_0 .net "result", 0 0, L_00000241c9acd4d0;  alias, 1 drivers
L_00000241c9acd4d0 .delay 1 (2000,2000,2000) L_00000241c9acd4d0/d;
L_00000241c9acd4d0/d .reduce/or L_00000241c9acd610;
    .scope S_00000241c9a05910;
T_0 ;
    %wait E_00000241c9a59730;
    %load/vec4 v00000241c9a50a90_0;
    %inv;
    %load/vec4 v00000241c9a51530_0;
    %inv;
    %and;
    %load/vec4 v00000241c9a515d0_0;
    %and;
    %load/vec4 v00000241c9a50a90_0;
    %inv;
    %load/vec4 v00000241c9a51530_0;
    %and;
    %load/vec4 v00000241c9a515d0_0;
    %inv;
    %and;
    %or;
    %load/vec4 v00000241c9a50a90_0;
    %load/vec4 v00000241c9a51530_0;
    %and;
    %load/vec4 v00000241c9a515d0_0;
    %and;
    %or;
    %load/vec4 v00000241c9a50a90_0;
    %load/vec4 v00000241c9a51530_0;
    %inv;
    %and;
    %load/vec4 v00000241c9a515d0_0;
    %inv;
    %and;
    %or;
    %assign/vec4 v00000241c9a504f0_0, 0;
    %load/vec4 v00000241c9a51210_0;
    %assign/vec4 v00000241c9a517b0_0, 0;
    %jmp T_0;
    .thread T_0, $push;
    .scope S_00000241c9a06060;
T_1 ;
    %wait E_00000241c9a586b0;
    %load/vec4 v00000241c9a50810_0;
    %inv;
    %load/vec4 v00000241c9a508b0_0;
    %inv;
    %and;
    %load/vec4 v00000241c9a50c70_0;
    %and;
    %load/vec4 v00000241c9a50810_0;
    %inv;
    %load/vec4 v00000241c9a508b0_0;
    %and;
    %load/vec4 v00000241c9a50c70_0;
    %inv;
    %and;
    %or;
    %load/vec4 v00000241c9a50810_0;
    %load/vec4 v00000241c9a508b0_0;
    %and;
    %load/vec4 v00000241c9a50c70_0;
    %and;
    %or;
    %load/vec4 v00000241c9a50810_0;
    %load/vec4 v00000241c9a508b0_0;
    %inv;
    %and;
    %load/vec4 v00000241c9a50c70_0;
    %inv;
    %and;
    %or;
    %assign/vec4 v00000241c9a51b70_0, 0;
    %load/vec4 v00000241c9a509f0_0;
    %assign/vec4 v00000241c9a50950_0, 0;
    %jmp T_1;
    .thread T_1, $push;
    .scope S_00000241c9a61090;
T_2 ;
    %wait E_00000241c9a45540;
    %load/vec4 v00000241c9a51990_0;
    %inv;
    %load/vec4 v00000241c9a51a30_0;
    %inv;
    %and;
    %load/vec4 v00000241c9a521b0_0;
    %and;
    %load/vec4 v00000241c9a51990_0;
    %inv;
    %load/vec4 v00000241c9a51a30_0;
    %and;
    %load/vec4 v00000241c9a521b0_0;
    %inv;
    %and;
    %or;
    %load/vec4 v00000241c9a51990_0;
    %load/vec4 v00000241c9a51a30_0;
    %and;
    %load/vec4 v00000241c9a521b0_0;
    %and;
    %or;
    %load/vec4 v00000241c9a51990_0;
    %load/vec4 v00000241c9a51a30_0;
    %inv;
    %and;
    %load/vec4 v00000241c9a521b0_0;
    %inv;
    %and;
    %or;
    %assign/vec4 v00000241c9a3ec00_0, 0;
    %load/vec4 v00000241c9a3e480_0;
    %assign/vec4 v00000241c9a52070_0, 0;
    %jmp T_2;
    .thread T_2, $push;
    .scope S_00000241c9ac8720;
T_3 ;
    %wait E_00000241c9a449c0;
    %load/vec4 v00000241c9ab47a0_0;
    %inv;
    %load/vec4 v00000241c9ab3c60_0;
    %inv;
    %and;
    %load/vec4 v00000241c9ab42a0_0;
    %and;
    %load/vec4 v00000241c9ab47a0_0;
    %inv;
    %load/vec4 v00000241c9ab3c60_0;
    %and;
    %load/vec4 v00000241c9ab42a0_0;
    %inv;
    %and;
    %or;
    %load/vec4 v00000241c9ab47a0_0;
    %load/vec4 v00000241c9ab3c60_0;
    %and;
    %load/vec4 v00000241c9ab42a0_0;
    %and;
    %or;
    %load/vec4 v00000241c9ab47a0_0;
    %load/vec4 v00000241c9ab3c60_0;
    %inv;
    %and;
    %load/vec4 v00000241c9ab42a0_0;
    %inv;
    %and;
    %or;
    %assign/vec4 v00000241c9ab3300_0, 0;
    %load/vec4 v00000241c9ab3620_0;
    %assign/vec4 v00000241c9ab3a80_0, 0;
    %jmp T_3;
    .thread T_3, $push;
    .scope S_00000241c9ab64e0;
T_4 ;
    %wait E_00000241c9a45600;
    %load/vec4 v00000241c9ab34e0_0;
    %inv;
    %load/vec4 v00000241c9ab4e80_0;
    %inv;
    %and;
    %load/vec4 v00000241c9ab36c0_0;
    %and;
    %load/vec4 v00000241c9ab34e0_0;
    %inv;
    %load/vec4 v00000241c9ab4e80_0;
    %and;
    %load/vec4 v00000241c9ab36c0_0;
    %inv;
    %and;
    %or;
    %load/vec4 v00000241c9ab34e0_0;
    %load/vec4 v00000241c9ab4e80_0;
    %and;
    %load/vec4 v00000241c9ab36c0_0;
    %and;
    %or;
    %load/vec4 v00000241c9ab34e0_0;
    %load/vec4 v00000241c9ab4e80_0;
    %inv;
    %and;
    %load/vec4 v00000241c9ab36c0_0;
    %inv;
    %and;
    %or;
    %assign/vec4 v00000241c9ab48e0_0, 0;
    %load/vec4 v00000241c9ab40c0_0;
    %assign/vec4 v00000241c9ab4660_0, 0;
    %jmp T_4;
    .thread T_4, $push;
    .scope S_00000241c9ab6b20;
T_5 ;
    %wait E_00000241c9a45000;
    %load/vec4 v00000241c9ab31c0_0;
    %inv;
    %load/vec4 v00000241c9ab4700_0;
    %inv;
    %and;
    %load/vec4 v00000241c9ab4200_0;
    %and;
    %load/vec4 v00000241c9ab31c0_0;
    %inv;
    %load/vec4 v00000241c9ab4700_0;
    %and;
    %load/vec4 v00000241c9ab4200_0;
    %inv;
    %and;
    %or;
    %load/vec4 v00000241c9ab31c0_0;
    %load/vec4 v00000241c9ab4700_0;
    %and;
    %load/vec4 v00000241c9ab4200_0;
    %and;
    %or;
    %load/vec4 v00000241c9ab31c0_0;
    %load/vec4 v00000241c9ab4700_0;
    %inv;
    %and;
    %load/vec4 v00000241c9ab4200_0;
    %inv;
    %and;
    %or;
    %assign/vec4 v00000241c9ab38a0_0, 0;
    %load/vec4 v00000241c9ab4b60_0;
    %assign/vec4 v00000241c9ab3bc0_0, 0;
    %jmp T_5;
    .thread T_5, $push;
    .scope S_00000241c9ab5860;
T_6 ;
    %wait E_00000241c9a46480;
    %load/vec4 v00000241c9ab3ee0_0;
    %inv;
    %load/vec4 v00000241c9ab3f80_0;
    %inv;
    %and;
    %load/vec4 v00000241c9ab4020_0;
    %and;
    %load/vec4 v00000241c9ab3ee0_0;
    %inv;
    %load/vec4 v00000241c9ab3f80_0;
    %and;
    %load/vec4 v00000241c9ab4020_0;
    %inv;
    %and;
    %or;
    %load/vec4 v00000241c9ab3ee0_0;
    %load/vec4 v00000241c9ab3f80_0;
    %and;
    %load/vec4 v00000241c9ab4020_0;
    %and;
    %or;
    %load/vec4 v00000241c9ab3ee0_0;
    %load/vec4 v00000241c9ab3f80_0;
    %inv;
    %and;
    %load/vec4 v00000241c9ab4020_0;
    %inv;
    %and;
    %or;
    %assign/vec4 v00000241c9ab7460_0, 0;
    %load/vec4 v00000241c9ab70a0_0;
    %assign/vec4 v00000241c9ab80e0_0, 0;
    %jmp T_6;
    .thread T_6, $push;
    .scope S_00000241c9ab53b0;
T_7 ;
    %wait E_00000241c9a45a80;
    %load/vec4 v00000241c9ab8680_0;
    %inv;
    %load/vec4 v00000241c9ab7500_0;
    %inv;
    %and;
    %load/vec4 v00000241c9ab7b40_0;
    %and;
    %load/vec4 v00000241c9ab8680_0;
    %inv;
    %load/vec4 v00000241c9ab7500_0;
    %and;
    %load/vec4 v00000241c9ab7b40_0;
    %inv;
    %and;
    %or;
    %load/vec4 v00000241c9ab8680_0;
    %load/vec4 v00000241c9ab7500_0;
    %and;
    %load/vec4 v00000241c9ab7b40_0;
    %and;
    %or;
    %load/vec4 v00000241c9ab8680_0;
    %load/vec4 v00000241c9ab7500_0;
    %inv;
    %and;
    %load/vec4 v00000241c9ab7b40_0;
    %inv;
    %and;
    %or;
    %assign/vec4 v00000241c9ab7140_0, 0;
    %load/vec4 v00000241c9ab7aa0_0;
    %assign/vec4 v00000241c9ab7be0_0, 0;
    %jmp T_7;
    .thread T_7, $push;
    .scope S_00000241c9a64b70;
T_8 ;
    %wait E_00000241c9a5a0b0;
    %load/vec4 v00000241c9ab8720_0;
    %parti/s 1, 8, 5;
    %load/vec4 v00000241c9ab8ae0_0;
    %concat/vec4; draw_concat_vec4
    %pad/u 8;
    %assign/vec4 v00000241c9ab7280_0, 0;
    %load/vec4 v00000241c9ab8720_0;
    %parti/s 1, 8, 5;
    %assign/vec4 v00000241c9ab7820_0, 0;
    %jmp T_8;
    .thread T_8, $push;
    .scope S_00000241c9a63400;
T_9 ;
    %pushi/vec4 0, 0, 32;
    %store/vec4 v00000241c9ab8e00_0, 0, 32;
    %pushi/vec4 0, 0, 32;
    %store/vec4 v00000241c9ab8d60_0, 0, 32;
    %end;
    .thread T_9;
    .scope S_00000241c9a63400;
T_10 ;
    %vpi_call 2 38 "$dumpfile", "lab02.vcd" {0 0 0};
    %vpi_call 2 39 "$dumpvars", 32'sb00000000000000000000000000000000 {0 0 0};
    %end;
    .thread T_10;
    .scope S_00000241c9a63400;
T_11 ;
    %pushi/vec4 0, 0, 1;
    %store/vec4 v00000241c9ab8900_0, 0, 1;
    %pushi/vec4 1, 0, 1;
    %store/vec4 v00000241c9ab7960_0, 0, 1;
    %delay 50000, 0;
    %pushi/vec4 1, 0, 1;
    %store/vec4 v00000241c9ab8900_0, 0, 1;
    %pushi/vec4 1, 0, 1;
    %store/vec4 v00000241c9ab7960_0, 0, 1;
    %delay 50000, 0;
    %pushi/vec4 0, 0, 1;
    %store/vec4 v00000241c9ab8900_0, 0, 1;
    %pushi/vec4 0, 0, 1;
    %store/vec4 v00000241c9ab7960_0, 0, 1;
    %delay 50000, 0;
    %pushi/vec4 1, 0, 1;
    %store/vec4 v00000241c9ab8900_0, 0, 1;
    %pushi/vec4 0, 0, 1;
    %store/vec4 v00000241c9ab7960_0, 0, 1;
    %delay 50000, 0;
T_11.0 ;
    %load/vec4 v00000241c9ab8900_0;
    %inv;
    %store/vec4 v00000241c9ab8900_0, 0, 1;
    %delay 50000, 0;
    %jmp T_11.0;
    %end;
    .thread T_11;
    .scope S_00000241c9a63400;
T_12 ;
    %wait E_00000241c9a59570;
    %wait E_00000241c9a599f0;
    %delay 10000, 0;
    %vpi_call 2 84 "$write", "Test Group 1: Addition Behavior Verification ... \012" {0 0 0};
    %load/vec4 v00000241c9ab8e00_0;
    %addi 1, 0, 32;
    %store/vec4 v00000241c9ab8e00_0, 0, 32;
    %vpi_call 2 88 "$write", "\011Test Case 1.1:   0+  0 =   0, c_out = 0 ... " {0 0 0};
    %pushi/vec4 0, 0, 8;
    %store/vec4 v00000241c9ab7640_0, 0, 8;
    %pushi/vec4 0, 0, 8;
    %store/vec4 v00000241c9ab73c0_0, 0, 8;
    %pushi/vec4 0, 0, 8;
    %store/vec4 v00000241c9ab7dc0_0, 0, 8;
    %delay 100000, 0;
    %load/vec4 v00000241c9ab7dc0_0;
    %load/vec4 v00000241c9ab8860_0;
    %cmp/ne;
    %jmp/1 T_12.2, 6;
    %flag_mov 8, 6;
    %load/vec4 v00000241c9ab87c0_0;
    %cmpi/ne 0, 0, 1;
    %flag_or 6, 8;
T_12.2;
    %jmp/0xz  T_12.0, 6;
    %vpi_call 2 95 "$write", "failed\012" {0 0 0};
    %vpi_call 2 96 "$display", v00000241c9ab8860_0 {0 0 0};
    %vpi_call 2 97 "$display", v00000241c9ab87c0_0 {0 0 0};
    %load/vec4 v00000241c9ab8d60_0;
    %addi 1, 0, 32;
    %store/vec4 v00000241c9ab8d60_0, 0, 32;
    %jmp T_12.1;
T_12.0 ;
    %vpi_call 2 100 "$write", "passed\012" {0 0 0};
T_12.1 ;
    %delay 10000, 0;
    %load/vec4 v00000241c9ab8e00_0;
    %addi 1, 0, 32;
    %store/vec4 v00000241c9ab8e00_0, 0, 32;
    %vpi_call 2 109 "$write", "\011Test Case 1.2:   127 + 1 = 128, c_out = 0 ... " {0 0 0};
    %pushi/vec4 127, 0, 8;
    %store/vec4 v00000241c9ab7640_0, 0, 8;
    %pushi/vec4 1, 0, 8;
    %store/vec4 v00000241c9ab73c0_0, 0, 8;
    %pushi/vec4 128, 0, 8;
    %store/vec4 v00000241c9ab7dc0_0, 0, 8;
    %delay 100000, 0;
    %load/vec4 v00000241c9ab7dc0_0;
    %load/vec4 v00000241c9ab8860_0;
    %cmp/ne;
    %jmp/1 T_12.5, 6;
    %flag_mov 8, 6;
    %load/vec4 v00000241c9ab87c0_0;
    %cmpi/ne 0, 0, 1;
    %flag_or 6, 8;
T_12.5;
    %jmp/0xz  T_12.3, 6;
    %vpi_call 2 116 "$write", "failed\012" {0 0 0};
    %load/vec4 v00000241c9ab8d60_0;
    %addi 1, 0, 32;
    %store/vec4 v00000241c9ab8d60_0, 0, 32;
    %jmp T_12.4;
T_12.3 ;
    %vpi_call 2 119 "$write", "passed\012" {0 0 0};
T_12.4 ;
    %delay 10000, 0;
    %load/vec4 v00000241c9ab8e00_0;
    %addi 1, 0, 32;
    %store/vec4 v00000241c9ab8e00_0, 0, 32;
    %vpi_call 2 124 "$write", "\011Test Case 1.3:   255 + 1 = 256, c_out = 1 ... " {0 0 0};
    %pushi/vec4 255, 0, 8;
    %store/vec4 v00000241c9ab7640_0, 0, 8;
    %pushi/vec4 1, 0, 8;
    %store/vec4 v00000241c9ab73c0_0, 0, 8;
    %pushi/vec4 0, 0, 8;
    %store/vec4 v00000241c9ab7dc0_0, 0, 8;
    %delay 100000, 0;
    %load/vec4 v00000241c9ab7dc0_0;
    %load/vec4 v00000241c9ab8860_0;
    %cmp/ne;
    %jmp/1 T_12.8, 6;
    %flag_mov 8, 6;
    %load/vec4 v00000241c9ab87c0_0;
    %cmpi/ne 1, 0, 1;
    %flag_or 6, 8;
T_12.8;
    %jmp/0xz  T_12.6, 6;
    %vpi_call 2 131 "$write", "failed\012" {0 0 0};
    %load/vec4 v00000241c9ab8d60_0;
    %addi 1, 0, 32;
    %store/vec4 v00000241c9ab8d60_0, 0, 32;
    %jmp T_12.7;
T_12.6 ;
    %vpi_call 2 134 "$write", "passed\012" {0 0 0};
T_12.7 ;
    %delay 10000, 0;
    %load/vec4 v00000241c9ab8e00_0;
    %addi 1, 0, 32;
    %store/vec4 v00000241c9ab8e00_0, 0, 32;
    %vpi_call 2 139 "$write", "\011Test Case 1.4:   123 + 46 = 169, c_out = 0 ... " {0 0 0};
    %pushi/vec4 123, 0, 8;
    %store/vec4 v00000241c9ab7640_0, 0, 8;
    %pushi/vec4 46, 0, 8;
    %store/vec4 v00000241c9ab73c0_0, 0, 8;
    %pushi/vec4 169, 0, 8;
    %store/vec4 v00000241c9ab7dc0_0, 0, 8;
    %delay 100000, 0;
    %load/vec4 v00000241c9ab7dc0_0;
    %load/vec4 v00000241c9ab8860_0;
    %cmp/ne;
    %jmp/1 T_12.11, 6;
    %flag_mov 8, 6;
    %load/vec4 v00000241c9ab87c0_0;
    %cmpi/ne 0, 0, 1;
    %flag_or 6, 8;
T_12.11;
    %jmp/0xz  T_12.9, 6;
    %vpi_call 2 146 "$write", "failed\012" {0 0 0};
    %load/vec4 v00000241c9ab8d60_0;
    %addi 1, 0, 32;
    %store/vec4 v00000241c9ab8d60_0, 0, 32;
    %jmp T_12.10;
T_12.9 ;
    %vpi_call 2 149 "$write", "passed\012" {0 0 0};
T_12.10 ;
    %delay 10000, 0;
    %load/vec4 v00000241c9ab8e00_0;
    %addi 1, 0, 32;
    %store/vec4 v00000241c9ab8e00_0, 0, 32;
    %vpi_call 2 154 "$write", "\011Test Case 1.5:   123 + 146 = 13, c_out = 1 ... " {0 0 0};
    %pushi/vec4 123, 0, 8;
    %store/vec4 v00000241c9ab7640_0, 0, 8;
    %pushi/vec4 146, 0, 8;
    %store/vec4 v00000241c9ab73c0_0, 0, 8;
    %pushi/vec4 13, 0, 8;
    %store/vec4 v00000241c9ab7dc0_0, 0, 8;
    %delay 100000, 0;
    %load/vec4 v00000241c9ab7dc0_0;
    %load/vec4 v00000241c9ab8860_0;
    %cmp/ne;
    %jmp/1 T_12.14, 6;
    %flag_mov 8, 6;
    %load/vec4 v00000241c9ab87c0_0;
    %cmpi/ne 1, 0, 1;
    %flag_or 6, 8;
T_12.14;
    %jmp/0xz  T_12.12, 6;
    %vpi_call 2 161 "$write", "failed\012" {0 0 0};
    %load/vec4 v00000241c9ab8d60_0;
    %addi 1, 0, 32;
    %store/vec4 v00000241c9ab8d60_0, 0, 32;
    %jmp T_12.13;
T_12.12 ;
    %vpi_call 2 164 "$write", "passed\012" {0 0 0};
T_12.13 ;
    %delay 10000, 0;
    %vpi_call 2 171 "$write", "Test Group 2: Increasing Number of Bits ...\012" {0 0 0};
    %vpi_call 2 255 "$write", "\012-------------------------------------------------------" {0 0 0};
    %load/vec4 v00000241c9ab8e00_0;
    %load/vec4 v00000241c9ab8d60_0;
    %sub;
    %vpi_call 2 256 "$write", "\012Testing complete\012Passed %0d / %0d tests", S<0,vec4,s32>, v00000241c9ab8e00_0 {1 0 0};
    %vpi_call 2 257 "$write", "\012-------------------------------------------------------\012" {0 0 0};
    %vpi_call 2 258 "$finish" {0 0 0};
    %end;
    .thread T_12;
# The file index is used to find the file name in the following table.
:file_names 7;
    "N/A";
    "<interactive>";
    "ripple_carry_adder_tb.v";
    "./ripple_carry_adder.v";
    "./full_adder.v";
    "./slow_and.v";
    "./slow_or.v";
